<?xml version="1.0" encoding="UTF-8"?>
<!-- Generated by org.testng.reporters.JUnitXMLReporter -->
<testsuite hostname="USLMASARCHANDR1" ignored="0" name="Test" tests="6" failures="0" timestamp="17 Apr 2019 15:38:35 GMT" time="0.09" errors="0">
  <testcase name="deleteTwitter" time="0.013" classname="mavendemoproject.RESTAPITest"/>
  <testcase name="postJira" time="0.003" classname="mavendemoproject.RESTAPITest"/>
  <testcase name="BrowserAutomation" time="0.001" classname="mavendemoproject.SeleniumTest"/>
  <testcase name="ElementUI" time="0.009" classname="mavendemoproject.SeleniumTest"/>
  <testcase name="IOSApps" time="0.002" classname="mavendemoproject.AppiumTest"/>
  <testcase name="NativeAppAndriod" time="0.001" classname="mavendemoproject.AppiumTest"/>
</testsuite> <!-- Test -->
