<?xml version="1.0" encoding="UTF-8"?>
<!-- Generated by org.testng.reporters.JUnitXMLReporter -->
<testsuite hostname="USLMASARCHANDR1" ignored="0" name="Command line test" tests="6" failures="0" timestamp="16 Apr 2019 19:48:03 GMT" time="0.062" errors="0">
  <testcase name="IOSApps" time="0.012" classname="mavendemoproject.AppiumTest"/>
  <testcase name="NativeAppAndriod" time="0.0" classname="mavendemoproject.AppiumTest"/>
  <testcase name="deleteTwitter" time="0.001" classname="mavendemoproject.RESTAPITest"/>
  <testcase name="postJira" time="0.0" classname="mavendemoproject.RESTAPITest"/>
  <testcase name="BrowserAutomation" time="0.0" classname="mavendemoproject.SeleniumTest"/>
  <testcase name="ElementUI" time="0.001" classname="mavendemoproject.SeleniumTest"/>
</testsuite> <!-- Command line test -->
