<?xml version="1.0" encoding="UTF-8"?>
<!-- Generated by org.testng.reporters.JUnitXMLReporter -->
<testsuite hostname="USLMASARCHANDR1" ignored="0" name="Test" tests="4" failures="0" timestamp="16 Apr 2019 20:48:19 GMT" time="0.052" errors="0">
  <testcase name="deleteTwitter" time="0.008" classname="mavendemoproject.RESTAPITest"/>
  <testcase name="postJira" time="0.0" classname="mavendemoproject.RESTAPITest"/>
  <testcase name="BrowserAutomation" time="0.001" classname="mavendemoproject.SeleniumTest"/>
  <testcase name="ElementUI" time="0.0" classname="mavendemoproject.SeleniumTest"/>
</testsuite> <!-- Test -->
