<?xml version="1.0" encoding="UTF-8"?>
<testng-results skipped="0" failed="0" ignored="0" total="6" passed="6">
  <reporter-output>
  </reporter-output>
  <suite name="Suite" duration-ms="90" started-at="2019-04-17T15:38:35Z" finished-at="2019-04-17T15:38:35Z">
    <groups>
    </groups>
    <test name="Test" duration-ms="90" started-at="2019-04-17T15:38:35Z" finished-at="2019-04-17T15:38:35Z">
      <class name="mavendemoproject.AppiumTest">
        <test-method status="PASS" signature="IOSApps()[pri:0, instance:mavendemoproject.AppiumTest@6eebc39e]" name="IOSApps" duration-ms="2" started-at="2019-04-17T15:38:35Z" finished-at="2019-04-17T15:38:35Z">
          <reporter-output>
          </reporter-output>
        </test-method> <!-- IOSApps -->
        <test-method status="PASS" signature="NativeAppAndriod()[pri:0, instance:mavendemoproject.AppiumTest@6eebc39e]" name="NativeAppAndriod" duration-ms="1" started-at="2019-04-17T15:38:35Z" finished-at="2019-04-17T15:38:35Z">
          <reporter-output>
          </reporter-output>
        </test-method> <!-- NativeAppAndriod -->
      </class> <!-- mavendemoproject.AppiumTest -->
      <class name="mavendemoproject.SeleniumTest">
        <test-method status="PASS" signature="BrowserAutomation()[pri:0, instance:mavendemoproject.SeleniumTest@4dfa3a9d]" name="BrowserAutomation" duration-ms="1" started-at="2019-04-17T15:38:35Z" finished-at="2019-04-17T15:38:35Z">
          <reporter-output>
          </reporter-output>
        </test-method> <!-- BrowserAutomation -->
        <test-method status="PASS" signature="ElementUI()[pri:0, instance:mavendemoproject.SeleniumTest@4dfa3a9d]" name="ElementUI" duration-ms="9" started-at="2019-04-17T15:38:35Z" finished-at="2019-04-17T15:38:35Z">
          <reporter-output>
          </reporter-output>
        </test-method> <!-- ElementUI -->
      </class> <!-- mavendemoproject.SeleniumTest -->
      <class name="mavendemoproject.RESTAPITest">
        <test-method status="PASS" signature="deleteTwitter()[pri:0, instance:mavendemoproject.RESTAPITest@146ba0ac]" name="deleteTwitter" duration-ms="13" started-at="2019-04-17T15:38:35Z" finished-at="2019-04-17T15:38:35Z">
          <reporter-output>
          </reporter-output>
        </test-method> <!-- deleteTwitter -->
        <test-method status="PASS" signature="postJira()[pri:0, instance:mavendemoproject.RESTAPITest@146ba0ac]" name="postJira" duration-ms="3" started-at="2019-04-17T15:38:35Z" finished-at="2019-04-17T15:38:35Z">
          <reporter-output>
          </reporter-output>
        </test-method> <!-- postJira -->
      </class> <!-- mavendemoproject.RESTAPITest -->
    </test> <!-- Test -->
  </suite> <!-- Suite -->
</testng-results>
